<?xml version="1.0" encoding="UTF-8"?>
<!-- Generated by org.testng.reporters.JUnitReportReporter -->
<testsuite name="Practice.NewTest" tests="3" time="0.006" ignored="0" failures="0" timestamp="24 Jan 2020 20:44:27 GMT" skipped="0" hostname="LAPTOP-ITNB4LO9" errors="0">
  <testcase name="test2" time="0.002" classname="Practice.NewTest"/>
  <testcase name="test1" time="0.002" classname="Practice.NewTest"/>
  <testcase name="test3" time="0.002" classname="Practice.NewTest"/>
</testsuite> <!-- Practice.NewTest -->
