<?xml version="1.0" encoding="UTF-8"?>
<testng-results skipped="3" failed="0" ignored="0" total="3" passed="0">
  <reporter-output>
  </reporter-output>
  <suite name="Default suite" duration-ms="90" started-at="2020-01-31T11:30:04 PST" finished-at="2020-01-31T11:30:04 PST">
    <groups>
    </groups>
    <test name="Default test" duration-ms="90" started-at="2020-01-31T11:30:04 PST" finished-at="2020-01-31T11:30:04 PST">
      <class name="Practice.Extentreportlogin">
        <test-method status="FAIL" signature="startReport()[pri:0, instance:Practice.Extentreportlogin@731f8236]" name="startReport" is-config="true" duration-ms="31" started-at="2020-01-31T11:30:04 PST" finished-at="2020-01-31T11:30:04 PST">
          <exception class="java.lang.NoClassDefFoundError">
            <message>
              <![CDATA[org/w3c/dom/ElementTraversal]]>
            </message>
            <full-stacktrace>
              <![CDATA[java.lang.NoClassDefFoundError: org/w3c/dom/ElementTraversal
at java.lang.ClassLoader.defineClass1(Native Method)
at java.lang.ClassLoader.defineClass(Unknown Source)
at java.security.SecureClassLoader.defineClass(Unknown Source)
at java.net.URLClassLoader.defineClass(Unknown Source)
at java.net.URLClassLoader.access$100(Unknown Source)
at java.net.URLClassLoader$1.run(Unknown Source)
at java.net.URLClassLoader$1.run(Unknown Source)
at java.security.AccessController.doPrivileged(Native Method)
at java.net.URLClassLoader.findClass(Unknown Source)
at java.lang.ClassLoader.loadClass(Unknown Source)
at sun.misc.Launcher$AppClassLoader.loadClass(Unknown Source)
at java.lang.ClassLoader.loadClass(Unknown Source)
at org.apache.xerces.parsers.AbstractDOMParser.startDocument(Unknown Source)
at org.apache.xerces.impl.dtd.XMLDTDValidator.startDocument(Unknown Source)
at org.apache.xerces.impl.XMLDocumentScannerImpl.startEntity(Unknown Source)
at org.apache.xerces.impl.XMLVersionDetector.startDocumentParsing(Unknown Source)
at org.apache.xerces.parsers.XML11Configuration.parse(Unknown Source)
at org.apache.xerces.parsers.XML11Configuration.parse(Unknown Source)
at org.apache.xerces.parsers.XMLParser.parse(Unknown Source)
at org.apache.xerces.parsers.DOMParser.parse(Unknown Source)
at org.apache.xerces.jaxp.DocumentBuilderImpl.parse(Unknown Source)
at javax.xml.parsers.DocumentBuilder.parse(Unknown Source)
at com.relevantcodes.extentreports.Configuration.getConfigurationMap(Configuration.java:38)
at com.relevantcodes.extentreports.Report.loadConfig(Report.java:474)
at com.relevantcodes.extentreports.Report.<init>(Report.java:611)
at com.relevantcodes.extentreports.ExtentReports.<init>(ExtentReports.java:74)
at com.relevantcodes.extentreports.ExtentReports.<init>(ExtentReports.java:375)
at Practice.Extentreportlogin.startReport(Extentreportlogin.java:33)
at sun.reflect.NativeMethodAccessorImpl.invoke0(Native Method)
at sun.reflect.NativeMethodAccessorImpl.invoke(Unknown Source)
at sun.reflect.DelegatingMethodAccessorImpl.invoke(Unknown Source)
at java.lang.reflect.Method.invoke(Unknown Source)
at org.testng.internal.MethodInvocationHelper.invokeMethod(MethodInvocationHelper.java:133)
at org.testng.internal.MethodInvocationHelper.invokeMethodConsideringTimeout(MethodInvocationHelper.java:62)
at org.testng.internal.ConfigInvoker.invokeConfigurationMethod(ConfigInvoker.java:340)
at org.testng.internal.ConfigInvoker.invokeConfigurations(ConfigInvoker.java:294)
at org.testng.TestRunner.invokeTestConfigurations(TestRunner.java:623)
at org.testng.TestRunner.beforeRun(TestRunner.java:613)
at org.testng.TestRunner.run(TestRunner.java:584)
at org.testng.SuiteRunner.runTest(SuiteRunner.java:402)
at org.testng.SuiteRunner.runSequentially(SuiteRunner.java:396)
at org.testng.SuiteRunner.privateRun(SuiteRunner.java:355)
at org.testng.SuiteRunner.run(SuiteRunner.java:304)
at org.testng.SuiteRunnerWorker.runSuite(SuiteRunnerWorker.java:53)
at org.testng.SuiteRunnerWorker.run(SuiteRunnerWorker.java:96)
at org.testng.TestNG.runSuitesSequentially(TestNG.java:1180)
at org.testng.TestNG.runSuitesLocally(TestNG.java:1102)
at org.testng.TestNG.runSuites(TestNG.java:1032)
at org.testng.TestNG.run(TestNG.java:1000)
at org.testng.remote.AbstractRemoteTestNG.run(AbstractRemoteTestNG.java:115)
at org.testng.remote.RemoteTestNG.initAndRun(RemoteTestNG.java:251)
at org.testng.remote.RemoteTestNG.main(RemoteTestNG.java:77)
Caused by: java.lang.ClassNotFoundException: org.w3c.dom.ElementTraversal
at java.net.URLClassLoader.findClass(Unknown Source)
at java.lang.ClassLoader.loadClass(Unknown Source)
at sun.misc.Launcher$AppClassLoader.loadClass(Unknown Source)
at java.lang.ClassLoader.loadClass(Unknown Source)
... 52 more
]]>
            </full-stacktrace>
          </exception> <!-- java.lang.NoClassDefFoundError -->
          <reporter-output>
          </reporter-output>
        </test-method> <!-- startReport -->
        <test-method status="SKIP" signature="setuptest()[pri:0, instance:Practice.Extentreportlogin@731f8236]" name="setuptest" is-config="true" duration-ms="-1580499004833" started-at="2020-01-31T11:30:04 PST" finished-at="1969-12-31T16:00:00 PST">
          <reporter-output>
          </reporter-output>
        </test-method> <!-- setuptest -->
        <test-method status="SKIP" signature="verifylogotest()[pri:0, instance:Practice.Extentreportlogin@731f8236]" name="verifylogotest" duration-ms="0" started-at="2020-01-31T11:30:04 PST" finished-at="2020-01-31T11:30:04 PST">
          <exception class="java.lang.NoClassDefFoundError">
            <message>
              <![CDATA[org/w3c/dom/ElementTraversal]]>
            </message>
            <full-stacktrace>
              <![CDATA[java.lang.NoClassDefFoundError: org/w3c/dom/ElementTraversal
at java.lang.ClassLoader.defineClass1(Native Method)
at java.lang.ClassLoader.defineClass(Unknown Source)
at java.security.SecureClassLoader.defineClass(Unknown Source)
at java.net.URLClassLoader.defineClass(Unknown Source)
at java.net.URLClassLoader.access$100(Unknown Source)
at java.net.URLClassLoader$1.run(Unknown Source)
at java.net.URLClassLoader$1.run(Unknown Source)
at java.security.AccessController.doPrivileged(Native Method)
at java.net.URLClassLoader.findClass(Unknown Source)
at java.lang.ClassLoader.loadClass(Unknown Source)
at sun.misc.Launcher$AppClassLoader.loadClass(Unknown Source)
at java.lang.ClassLoader.loadClass(Unknown Source)
at org.apache.xerces.parsers.AbstractDOMParser.startDocument(Unknown Source)
at org.apache.xerces.impl.dtd.XMLDTDValidator.startDocument(Unknown Source)
at org.apache.xerces.impl.XMLDocumentScannerImpl.startEntity(Unknown Source)
at org.apache.xerces.impl.XMLVersionDetector.startDocumentParsing(Unknown Source)
at org.apache.xerces.parsers.XML11Configuration.parse(Unknown Source)
at org.apache.xerces.parsers.XML11Configuration.parse(Unknown Source)
at org.apache.xerces.parsers.XMLParser.parse(Unknown Source)
at org.apache.xerces.parsers.DOMParser.parse(Unknown Source)
at org.apache.xerces.jaxp.DocumentBuilderImpl.parse(Unknown Source)
at javax.xml.parsers.DocumentBuilder.parse(Unknown Source)
at com.relevantcodes.extentreports.Configuration.getConfigurationMap(Configuration.java:38)
at com.relevantcodes.extentreports.Report.loadConfig(Report.java:474)
at com.relevantcodes.extentreports.Report.<init>(Report.java:611)
at com.relevantcodes.extentreports.ExtentReports.<init>(ExtentReports.java:74)
at com.relevantcodes.extentreports.ExtentReports.<init>(ExtentReports.java:375)
at Practice.Extentreportlogin.startReport(Extentreportlogin.java:33)
at sun.reflect.NativeMethodAccessorImpl.invoke0(Native Method)
at sun.reflect.NativeMethodAccessorImpl.invoke(Unknown Source)
at sun.reflect.DelegatingMethodAccessorImpl.invoke(Unknown Source)
at java.lang.reflect.Method.invoke(Unknown Source)
at org.testng.internal.MethodInvocationHelper.invokeMethod(MethodInvocationHelper.java:133)
at org.testng.internal.MethodInvocationHelper.invokeMethodConsideringTimeout(MethodInvocationHelper.java:62)
at org.testng.internal.ConfigInvoker.invokeConfigurationMethod(ConfigInvoker.java:340)
at org.testng.internal.ConfigInvoker.invokeConfigurations(ConfigInvoker.java:294)
at org.testng.TestRunner.invokeTestConfigurations(TestRunner.java:623)
at org.testng.TestRunner.beforeRun(TestRunner.java:613)
at org.testng.TestRunner.run(TestRunner.java:584)
at org.testng.SuiteRunner.runTest(SuiteRunner.java:402)
at org.testng.SuiteRunner.runSequentially(SuiteRunner.java:396)
at org.testng.SuiteRunner.privateRun(SuiteRunner.java:355)
at org.testng.SuiteRunner.run(SuiteRunner.java:304)
at org.testng.SuiteRunnerWorker.runSuite(SuiteRunnerWorker.java:53)
at org.testng.SuiteRunnerWorker.run(SuiteRunnerWorker.java:96)
at org.testng.TestNG.runSuitesSequentially(TestNG.java:1180)
at org.testng.TestNG.runSuitesLocally(TestNG.java:1102)
at org.testng.TestNG.runSuites(TestNG.java:1032)
at org.testng.TestNG.run(TestNG.java:1000)
at org.testng.remote.AbstractRemoteTestNG.run(AbstractRemoteTestNG.java:115)
at org.testng.remote.RemoteTestNG.initAndRun(RemoteTestNG.java:251)
at org.testng.remote.RemoteTestNG.main(RemoteTestNG.java:77)
Caused by: java.lang.ClassNotFoundException: org.w3c.dom.ElementTraversal
at java.net.URLClassLoader.findClass(Unknown Source)
at java.lang.ClassLoader.loadClass(Unknown Source)
at sun.misc.Launcher$AppClassLoader.loadClass(Unknown Source)
at java.lang.ClassLoader.loadClass(Unknown Source)
... 52 more
]]>
            </full-stacktrace>
          </exception> <!-- java.lang.NoClassDefFoundError -->
          <reporter-output>
          </reporter-output>
        </test-method> <!-- verifylogotest -->
        <test-method status="SKIP" signature="getResult(org.testng.ITestResult)[pri:0, instance:Practice.Extentreportlogin@731f8236]" name="getResult" is-config="true" duration-ms="-1580499004839" started-at="2020-01-31T11:30:04 PST" finished-at="1969-12-31T16:00:00 PST">
          <reporter-output>
          </reporter-output>
        </test-method> <!-- getResult -->
        <test-method status="SKIP" signature="setuptest()[pri:0, instance:Practice.Extentreportlogin@731f8236]" name="setuptest" is-config="true" duration-ms="-1580499004840" started-at="2020-01-31T11:30:04 PST" finished-at="1969-12-31T16:00:00 PST">
          <reporter-output>
          </reporter-output>
        </test-method> <!-- setuptest -->
        <test-method status="SKIP" signature="wellsfargologintest()[pri:0, instance:Practice.Extentreportlogin@731f8236]" name="wellsfargologintest" duration-ms="0" started-at="2020-01-31T11:30:04 PST" finished-at="2020-01-31T11:30:04 PST">
          <exception class="java.lang.NoClassDefFoundError">
            <message>
              <![CDATA[org/w3c/dom/ElementTraversal]]>
            </message>
            <full-stacktrace>
              <![CDATA[java.lang.NoClassDefFoundError: org/w3c/dom/ElementTraversal
at java.lang.ClassLoader.defineClass1(Native Method)
at java.lang.ClassLoader.defineClass(Unknown Source)
at java.security.SecureClassLoader.defineClass(Unknown Source)
at java.net.URLClassLoader.defineClass(Unknown Source)
at java.net.URLClassLoader.access$100(Unknown Source)
at java.net.URLClassLoader$1.run(Unknown Source)
at java.net.URLClassLoader$1.run(Unknown Source)
at java.security.AccessController.doPrivileged(Native Method)
at java.net.URLClassLoader.findClass(Unknown Source)
at java.lang.ClassLoader.loadClass(Unknown Source)
at sun.misc.Launcher$AppClassLoader.loadClass(Unknown Source)
at java.lang.ClassLoader.loadClass(Unknown Source)
at org.apache.xerces.parsers.AbstractDOMParser.startDocument(Unknown Source)
at org.apache.xerces.impl.dtd.XMLDTDValidator.startDocument(Unknown Source)
at org.apache.xerces.impl.XMLDocumentScannerImpl.startEntity(Unknown Source)
at org.apache.xerces.impl.XMLVersionDetector.startDocumentParsing(Unknown Source)
at org.apache.xerces.parsers.XML11Configuration.parse(Unknown Source)
at org.apache.xerces.parsers.XML11Configuration.parse(Unknown Source)
at org.apache.xerces.parsers.XMLParser.parse(Unknown Source)
at org.apache.xerces.parsers.DOMParser.parse(Unknown Source)
at org.apache.xerces.jaxp.DocumentBuilderImpl.parse(Unknown Source)
at javax.xml.parsers.DocumentBuilder.parse(Unknown Source)
at com.relevantcodes.extentreports.Configuration.getConfigurationMap(Configuration.java:38)
at com.relevantcodes.extentreports.Report.loadConfig(Report.java:474)
at com.relevantcodes.extentreports.Report.<init>(Report.java:611)
at com.relevantcodes.extentreports.ExtentReports.<init>(ExtentReports.java:74)
at com.relevantcodes.extentreports.ExtentReports.<init>(ExtentReports.java:375)
at Practice.Extentreportlogin.startReport(Extentreportlogin.java:33)
at sun.reflect.NativeMethodAccessorImpl.invoke0(Native Method)
at sun.reflect.NativeMethodAccessorImpl.invoke(Unknown Source)
at sun.reflect.DelegatingMethodAccessorImpl.invoke(Unknown Source)
at java.lang.reflect.Method.invoke(Unknown Source)
at org.testng.internal.MethodInvocationHelper.invokeMethod(MethodInvocationHelper.java:133)
at org.testng.internal.MethodInvocationHelper.invokeMethodConsideringTimeout(MethodInvocationHelper.java:62)
at org.testng.internal.ConfigInvoker.invokeConfigurationMethod(ConfigInvoker.java:340)
at org.testng.internal.ConfigInvoker.invokeConfigurations(ConfigInvoker.java:294)
at org.testng.TestRunner.invokeTestConfigurations(TestRunner.java:623)
at org.testng.TestRunner.beforeRun(TestRunner.java:613)
at org.testng.TestRunner.run(TestRunner.java:584)
at org.testng.SuiteRunner.runTest(SuiteRunner.java:402)
at org.testng.SuiteRunner.runSequentially(SuiteRunner.java:396)
at org.testng.SuiteRunner.privateRun(SuiteRunner.java:355)
at org.testng.SuiteRunner.run(SuiteRunner.java:304)
at org.testng.SuiteRunnerWorker.runSuite(SuiteRunnerWorker.java:53)
at org.testng.SuiteRunnerWorker.run(SuiteRunnerWorker.java:96)
at org.testng.TestNG.runSuitesSequentially(TestNG.java:1180)
at org.testng.TestNG.runSuitesLocally(TestNG.java:1102)
at org.testng.TestNG.runSuites(TestNG.java:1032)
at org.testng.TestNG.run(TestNG.java:1000)
at org.testng.remote.AbstractRemoteTestNG.run(AbstractRemoteTestNG.java:115)
at org.testng.remote.RemoteTestNG.initAndRun(RemoteTestNG.java:251)
at org.testng.remote.RemoteTestNG.main(RemoteTestNG.java:77)
Caused by: java.lang.ClassNotFoundException: org.w3c.dom.ElementTraversal
at java.net.URLClassLoader.findClass(Unknown Source)
at java.lang.ClassLoader.loadClass(Unknown Source)
at sun.misc.Launcher$AppClassLoader.loadClass(Unknown Source)
at java.lang.ClassLoader.loadClass(Unknown Source)
... 52 more
]]>
            </full-stacktrace>
          </exception> <!-- java.lang.NoClassDefFoundError -->
          <reporter-output>
          </reporter-output>
        </test-method> <!-- wellsfargologintest -->
        <test-method status="SKIP" signature="getResult(org.testng.ITestResult)[pri:0, instance:Practice.Extentreportlogin@731f8236]" name="getResult" is-config="true" duration-ms="-1580499004846" started-at="2020-01-31T11:30:04 PST" finished-at="1969-12-31T16:00:00 PST">
          <reporter-output>
          </reporter-output>
        </test-method> <!-- getResult -->
        <test-method status="SKIP" signature="setuptest()[pri:0, instance:Practice.Extentreportlogin@731f8236]" name="setuptest" is-config="true" duration-ms="-1580499004847" started-at="2020-01-31T11:30:04 PST" finished-at="1969-12-31T16:00:00 PST">
          <reporter-output>
          </reporter-output>
        </test-method> <!-- setuptest -->
        <test-method status="SKIP" signature="wellsfargotitletest()[pri:0, instance:Practice.Extentreportlogin@731f8236]" name="wellsfargotitletest" duration-ms="0" started-at="2020-01-31T11:30:04 PST" finished-at="2020-01-31T11:30:04 PST">
          <exception class="java.lang.NoClassDefFoundError">
            <message>
              <![CDATA[org/w3c/dom/ElementTraversal]]>
            </message>
            <full-stacktrace>
              <![CDATA[java.lang.NoClassDefFoundError: org/w3c/dom/ElementTraversal
at java.lang.ClassLoader.defineClass1(Native Method)
at java.lang.ClassLoader.defineClass(Unknown Source)
at java.security.SecureClassLoader.defineClass(Unknown Source)
at java.net.URLClassLoader.defineClass(Unknown Source)
at java.net.URLClassLoader.access$100(Unknown Source)
at java.net.URLClassLoader$1.run(Unknown Source)
at java.net.URLClassLoader$1.run(Unknown Source)
at java.security.AccessController.doPrivileged(Native Method)
at java.net.URLClassLoader.findClass(Unknown Source)
at java.lang.ClassLoader.loadClass(Unknown Source)
at sun.misc.Launcher$AppClassLoader.loadClass(Unknown Source)
at java.lang.ClassLoader.loadClass(Unknown Source)
at org.apache.xerces.parsers.AbstractDOMParser.startDocument(Unknown Source)
at org.apache.xerces.impl.dtd.XMLDTDValidator.startDocument(Unknown Source)
at org.apache.xerces.impl.XMLDocumentScannerImpl.startEntity(Unknown Source)
at org.apache.xerces.impl.XMLVersionDetector.startDocumentParsing(Unknown Source)
at org.apache.xerces.parsers.XML11Configuration.parse(Unknown Source)
at org.apache.xerces.parsers.XML11Configuration.parse(Unknown Source)
at org.apache.xerces.parsers.XMLParser.parse(Unknown Source)
at org.apache.xerces.parsers.DOMParser.parse(Unknown Source)
at org.apache.xerces.jaxp.DocumentBuilderImpl.parse(Unknown Source)
at javax.xml.parsers.DocumentBuilder.parse(Unknown Source)
at com.relevantcodes.extentreports.Configuration.getConfigurationMap(Configuration.java:38)
at com.relevantcodes.extentreports.Report.loadConfig(Report.java:474)
at com.relevantcodes.extentreports.Report.<init>(Report.java:611)
at com.relevantcodes.extentreports.ExtentReports.<init>(ExtentReports.java:74)
at com.relevantcodes.extentreports.ExtentReports.<init>(ExtentReports.java:375)
at Practice.Extentreportlogin.startReport(Extentreportlogin.java:33)
at sun.reflect.NativeMethodAccessorImpl.invoke0(Native Method)
at sun.reflect.NativeMethodAccessorImpl.invoke(Unknown Source)
at sun.reflect.DelegatingMethodAccessorImpl.invoke(Unknown Source)
at java.lang.reflect.Method.invoke(Unknown Source)
at org.testng.internal.MethodInvocationHelper.invokeMethod(MethodInvocationHelper.java:133)
at org.testng.internal.MethodInvocationHelper.invokeMethodConsideringTimeout(MethodInvocationHelper.java:62)
at org.testng.internal.ConfigInvoker.invokeConfigurationMethod(ConfigInvoker.java:340)
at org.testng.internal.ConfigInvoker.invokeConfigurations(ConfigInvoker.java:294)
at org.testng.TestRunner.invokeTestConfigurations(TestRunner.java:623)
at org.testng.TestRunner.beforeRun(TestRunner.java:613)
at org.testng.TestRunner.run(TestRunner.java:584)
at org.testng.SuiteRunner.runTest(SuiteRunner.java:402)
at org.testng.SuiteRunner.runSequentially(SuiteRunner.java:396)
at org.testng.SuiteRunner.privateRun(SuiteRunner.java:355)
at org.testng.SuiteRunner.run(SuiteRunner.java:304)
at org.testng.SuiteRunnerWorker.runSuite(SuiteRunnerWorker.java:53)
at org.testng.SuiteRunnerWorker.run(SuiteRunnerWorker.java:96)
at org.testng.TestNG.runSuitesSequentially(TestNG.java:1180)
at org.testng.TestNG.runSuitesLocally(TestNG.java:1102)
at org.testng.TestNG.runSuites(TestNG.java:1032)
at org.testng.TestNG.run(TestNG.java:1000)
at org.testng.remote.AbstractRemoteTestNG.run(AbstractRemoteTestNG.java:115)
at org.testng.remote.RemoteTestNG.initAndRun(RemoteTestNG.java:251)
at org.testng.remote.RemoteTestNG.main(RemoteTestNG.java:77)
Caused by: java.lang.ClassNotFoundException: org.w3c.dom.ElementTraversal
at java.net.URLClassLoader.findClass(Unknown Source)
at java.lang.ClassLoader.loadClass(Unknown Source)
at sun.misc.Launcher$AppClassLoader.loadClass(Unknown Source)
at java.lang.ClassLoader.loadClass(Unknown Source)
... 52 more
]]>
            </full-stacktrace>
          </exception> <!-- java.lang.NoClassDefFoundError -->
          <reporter-output>
          </reporter-output>
        </test-method> <!-- wellsfargotitletest -->
        <test-method status="SKIP" signature="getResult(org.testng.ITestResult)[pri:0, instance:Practice.Extentreportlogin@731f8236]" name="getResult" is-config="true" duration-ms="-1580499004850" started-at="2020-01-31T11:30:04 PST" finished-at="1969-12-31T16:00:00 PST">
          <reporter-output>
          </reporter-output>
        </test-method> <!-- getResult -->
        <test-method status="SKIP" signature="endReport()[pri:0, instance:Practice.Extentreportlogin@731f8236]" name="endReport" is-config="true" duration-ms="-1580499004853" started-at="2020-01-31T11:30:04 PST" finished-at="1969-12-31T16:00:00 PST">
          <reporter-output>
          </reporter-output>
        </test-method> <!-- endReport -->
      </class> <!-- Practice.Extentreportlogin -->
    </test> <!-- Default test -->
  </suite> <!-- Default suite -->
</testng-results>
