<?xml version="1.0" encoding="UTF-8"?>
<!-- Generated by org.testng.reporters.JUnitXMLReporter -->
<testsuite hostname="LAPTOP-ITNB4LO9" ignored="0" name="Default test" tests="3" failures="0" timestamp="2020-01-31T11:30:04 PST" time="0.09" errors="0">
  <testcase name="@BeforeTest startReport" time="0.031" classname="Practice.Extentreportlogin">
    <failure type="java.lang.NoClassDefFoundError" message="org/w3c/dom/ElementTraversal">
      <![CDATA[java.lang.NoClassDefFoundError: org/w3c/dom/ElementTraversal
at java.lang.ClassLoader.defineClass1(Native Method)
at java.lang.ClassLoader.defineClass(Unknown Source)
at java.security.SecureClassLoader.defineClass(Unknown Source)
at java.net.URLClassLoader.defineClass(Unknown Source)
at java.net.URLClassLoader.access$100(Unknown Source)
at java.net.URLClassLoader$1.run(Unknown Source)
at java.net.URLClassLoader$1.run(Unknown Source)
at java.security.AccessController.doPrivileged(Native Method)
at java.net.URLClassLoader.findClass(Unknown Source)
at java.lang.ClassLoader.loadClass(Unknown Source)
at sun.misc.Launcher$AppClassLoader.loadClass(Unknown Source)
at java.lang.ClassLoader.loadClass(Unknown Source)
at org.apache.xerces.parsers.AbstractDOMParser.startDocument(Unknown Source)
at org.apache.xerces.impl.dtd.XMLDTDValidator.startDocument(Unknown Source)
at org.apache.xerces.impl.XMLDocumentScannerImpl.startEntity(Unknown Source)
at org.apache.xerces.impl.XMLVersionDetector.startDocumentParsing(Unknown Source)
at org.apache.xerces.parsers.XML11Configuration.parse(Unknown Source)
at org.apache.xerces.parsers.XML11Configuration.parse(Unknown Source)
at org.apache.xerces.parsers.XMLParser.parse(Unknown Source)
at org.apache.xerces.parsers.DOMParser.parse(Unknown Source)
at org.apache.xerces.jaxp.DocumentBuilderImpl.parse(Unknown Source)
at javax.xml.parsers.DocumentBuilder.parse(Unknown Source)
at com.relevantcodes.extentreports.Configuration.getConfigurationMap(Configuration.java:38)
at com.relevantcodes.extentreports.Report.loadConfig(Report.java:474)
at com.relevantcodes.extentreports.Report.<init>(Report.java:611)
at com.relevantcodes.extentreports.ExtentReports.<init>(ExtentReports.java:74)
at com.relevantcodes.extentreports.ExtentReports.<init>(ExtentReports.java:375)
at Practice.Extentreportlogin.startReport(Extentreportlogin.java:33)
at sun.reflect.NativeMethodAccessorImpl.invoke0(Native Method)
at sun.reflect.NativeMethodAccessorImpl.invoke(Unknown Source)
at sun.reflect.DelegatingMethodAccessorImpl.invoke(Unknown Source)
at java.lang.reflect.Method.invoke(Unknown Source)
at org.testng.internal.MethodInvocationHelper.invokeMethod(MethodInvocationHelper.java:133)
at org.testng.internal.MethodInvocationHelper.invokeMethodConsideringTimeout(MethodInvocationHelper.java:62)
at org.testng.internal.ConfigInvoker.invokeConfigurationMethod(ConfigInvoker.java:340)
at org.testng.internal.ConfigInvoker.invokeConfigurations(ConfigInvoker.java:294)
at org.testng.TestRunner.invokeTestConfigurations(TestRunner.java:623)
at org.testng.TestRunner.beforeRun(TestRunner.java:613)
at org.testng.TestRunner.run(TestRunner.java:584)
at org.testng.SuiteRunner.runTest(SuiteRunner.java:402)
at org.testng.SuiteRunner.runSequentially(SuiteRunner.java:396)
at org.testng.SuiteRunner.privateRun(SuiteRunner.java:355)
at org.testng.SuiteRunner.run(SuiteRunner.java:304)
at org.testng.SuiteRunnerWorker.runSuite(SuiteRunnerWorker.java:53)
at org.testng.SuiteRunnerWorker.run(SuiteRunnerWorker.java:96)
at org.testng.TestNG.runSuitesSequentially(TestNG.java:1180)
at org.testng.TestNG.runSuitesLocally(TestNG.java:1102)
at org.testng.TestNG.runSuites(TestNG.java:1032)
at org.testng.TestNG.run(TestNG.java:1000)
at org.testng.remote.AbstractRemoteTestNG.run(AbstractRemoteTestNG.java:115)
at org.testng.remote.RemoteTestNG.initAndRun(RemoteTestNG.java:251)
at org.testng.remote.RemoteTestNG.main(RemoteTestNG.java:77)
Caused by: java.lang.ClassNotFoundException: org.w3c.dom.ElementTraversal
at java.net.URLClassLoader.findClass(Unknown Source)
at java.lang.ClassLoader.loadClass(Unknown Source)
at sun.misc.Launcher$AppClassLoader.loadClass(Unknown Source)
at java.lang.ClassLoader.loadClass(Unknown Source)
... 52 more
]]>
    </failure>
  </testcase> <!-- @BeforeTest startReport -->
  <testcase name="@BeforeMethod setuptest" time="-1.580499004833E9" classname="Practice.Extentreportlogin">
    <skipped/>
  </testcase> <!-- @BeforeMethod setuptest -->
  <testcase name="@AfterMethod getResult" time="-1.580499004839E9" classname="Practice.Extentreportlogin">
    <skipped/>
  </testcase> <!-- @AfterMethod getResult -->
  <testcase name="@BeforeMethod setuptest" time="-1.58049900484E9" classname="Practice.Extentreportlogin">
    <skipped/>
  </testcase> <!-- @BeforeMethod setuptest -->
  <testcase name="@AfterMethod getResult" time="-1.580499004846E9" classname="Practice.Extentreportlogin">
    <skipped/>
  </testcase> <!-- @AfterMethod getResult -->
  <testcase name="@BeforeMethod setuptest" time="-1.580499004847E9" classname="Practice.Extentreportlogin">
    <skipped/>
  </testcase> <!-- @BeforeMethod setuptest -->
  <testcase name="@AfterMethod getResult" time="-1.58049900485E9" classname="Practice.Extentreportlogin">
    <skipped/>
  </testcase> <!-- @AfterMethod getResult -->
  <testcase name="@AfterTest endReport" time="-1.580499004853E9" classname="Practice.Extentreportlogin">
    <skipped/>
  </testcase> <!-- @AfterTest endReport -->
  <testcase name="verifylogotest" time="0.0" classname="Practice.Extentreportlogin">
    <skipped/>
  </testcase> <!-- verifylogotest -->
  <testcase name="wellsfargologintest" time="0.0" classname="Practice.Extentreportlogin">
    <skipped/>
  </testcase> <!-- wellsfargologintest -->
  <testcase name="wellsfargotitletest" time="0.0" classname="Practice.Extentreportlogin">
    <skipped/>
  </testcase> <!-- wellsfargotitletest -->
</testsuite> <!-- Default test -->
