<?xml version="1.0" encoding="UTF-8"?>
<!-- Generated by org.testng.reporters.JUnitXMLReporter -->
<testsuite hostname="LAPTOP-ITNB4LO9" ignored="0" name="TestNG1" tests="17" failures="1" timestamp="24 Jan 2020 20:44:27 GMT" time="0.103" errors="0">
  <testcase name="Test1" time="0.011" classname="Practice.PriorityTestCase"/>
  <testcase name="testcase1" time="0.014" classname="Practice.ParallelExecution"/>
  <testcase name="Test2" time="0.002" classname="Practice.PriorityTestCase"/>
  <testcase name="testcase2" time="0.003" classname="Practice.ParallelExecution"/>
  <testcase name="Test3" time="0.002" classname="Practice.PriorityTestCase"/>
  <testcase name="testcase3" time="0.003" classname="Practice.ParallelExecution"/>
  <testcase name="testcase4" time="0.003" classname="Practice.ParallelExecution1"/>
  <testcase name="Test" time="0.004" classname="Practice.NewTestNG"/>
  <testcase name="testcase5" time="0.002" classname="Practice.ParallelExecution1"/>
  <testcase name="login" time="0.001" classname="Practice.DependOnMethod"/>
  <testcase name="testcase6" time="0.002" classname="Practice.ParallelExecution1"/>
  <testcase name="logout" time="0.001" classname="Practice.DependOnMethod"/>
  <testcase name="test1" time="0.002" classname="Practice.NewTest"/>
  <testcase name="test2" time="0.002" classname="Practice.NewTest"/>
  <testcase name="search" time="0.006" classname="Practice.DependOnMethod">
    <failure type="java.lang.AssertionError" message="expected [xyz] but found [abc]">
      <![CDATA[java.lang.AssertionError: expected [xyz] but found [abc]
	at Practice.DependOnMethod.search(DependOnMethod.java:14)
	at java.util.concurrent.ThreadPoolExecutor.runWorker(Unknown Source)
	at java.util.concurrent.ThreadPoolExecutor$Worker.run(Unknown Source)
	at java.lang.Thread.run(Unknown Source)
... Removed 16 stack frames]]>
    </failure>
  </testcase> <!-- search -->
  <testcase name="test3" time="0.002" classname="Practice.NewTest"/>
  <testcase name="book" time="0.001" classname="Practice.DependOnMethod"/>
</testsuite> <!-- TestNG1 -->
