<?xml version="1.0" encoding="UTF-8"?>
<!-- Generated by org.testng.reporters.JUnitXMLReporter -->
<testsuite hostname="LAPTOP-ITNB4LO9" ignored="0" name="Test" tests="6" failures="0" timestamp="24 Jan 2020 20:36:39 GMT" time="0.07" errors="0">
  <testcase name="testcase1" time="0.019" classname="maventest.ParallelEx"/>
  <testcase name="testcase2" time="0.001" classname="maventest.ParallelEx"/>
  <testcase name="testcase3" time="0.002" classname="maventest.ParallelEx"/>
  <testcase name="login" time="0.002" classname="maventest.NewTest"/>
  <testcase name="homepage" time="0.001" classname="maventest.NewTest"/>
  <testcase name="registration" time="0.001" classname="maventest.NewTest"/>
</testsuite> <!-- Test -->
